<?xml version="1.0" encoding="UTF-8"?>
<robot generator="Robot 7.0 (Python 3.9.6 on darwin)" generated="2025-09-25T22:04:45.302951" rpa="false" schemaversion="5">
<suite id="s1" name="Title" source="/Users/elizaveta/robot-web/title.robot">
<test id="s1-t1" name="Chrome" line="11">
<kw name="Page Title Should Be As Expected">
<kw name="Open Browser" owner="SeleniumLibrary">
<msg time="2025-09-25T22:04:45.471519" level="INFO">Opening browser 'Chrome' to base url 'https://playwright.dev'.</msg>
<arg>${URL}</arg>
<arg>${BROWSER}</arg>
<doc>Opens a new browser instance to the optional ``url``.</doc>
<status status="PASS" start="2025-09-25T22:04:45.471275" elapsed="2.005054"/>
</kw>
<kw name="Title Should Be" owner="SeleniumLibrary">
<msg time="2025-09-25T22:04:47.733350" level="INFO" html="true">&lt;/td&gt;&lt;/tr&gt;&lt;tr&gt;&lt;td colspan="3"&gt;&lt;a href="selenium-screenshot-7.png"&gt;&lt;img src="selenium-screenshot-7.png" width="800px"&gt;&lt;/a&gt;</msg>
<msg time="2025-09-25T22:04:47.733557" level="FAIL">Title should have been 'Playwright enables reliable end-to-end testing for modern web apps.' but was 'Fast and reliable end-to-end testing for modern web apps | Playwright'.</msg>
<arg>${EXPECTED}</arg>
<doc>Verifies that the current page title equals ``title``.</doc>
<status status="FAIL" start="2025-09-25T22:04:47.476907" elapsed="0.261268">Title should have been 'Playwright enables reliable end-to-end testing for modern web apps.' but was 'Fast and reliable end-to-end testing for modern web apps | Playwright'.</status>
</kw>
<kw name="Close Browser" owner="SeleniumLibrary">
<doc>Closes the current browser.</doc>
<status status="NOT RUN" start="2025-09-25T22:04:47.738389" elapsed="0.000043"/>
</kw>
<arg>Chrome</arg>
<status status="FAIL" start="2025-09-25T22:04:45.470264" elapsed="2.268320">Title should have been 'Playwright enables reliable end-to-end testing for modern web apps.' but was 'Fast and reliable end-to-end testing for modern web apps | Playwright'.</status>
</kw>
<status status="FAIL" start="2025-09-25T22:04:45.469466" elapsed="2.269445">Title should have been 'Playwright enables reliable end-to-end testing for modern web apps.' but was 'Fast and reliable end-to-end testing for modern web apps | Playwright'.</status>
</test>
<test id="s1-t2" name="Firefox" line="12">
<kw name="Page Title Should Be As Expected">
<kw name="Open Browser" owner="SeleniumLibrary">
<msg time="2025-09-25T22:04:47.740291" level="INFO">Opening browser 'Firefox' to base url 'https://playwright.dev'.</msg>
<arg>${URL}</arg>
<arg>${BROWSER}</arg>
<doc>Opens a new browser instance to the optional ``url``.</doc>
<status status="PASS" start="2025-09-25T22:04:47.740042" elapsed="4.557889"/>
</kw>
<kw name="Title Should Be" owner="SeleniumLibrary">
<msg time="2025-09-25T22:04:52.451468" level="INFO" html="true">&lt;/td&gt;&lt;/tr&gt;&lt;tr&gt;&lt;td colspan="3"&gt;&lt;a href="selenium-screenshot-8.png"&gt;&lt;img src="selenium-screenshot-8.png" width="800px"&gt;&lt;/a&gt;</msg>
<msg time="2025-09-25T22:04:52.451710" level="FAIL">Title should have been 'Playwright enables reliable end-to-end testing for modern web apps.' but was 'Fast and reliable end-to-end testing for modern web apps | Playwright'.</msg>
<arg>${EXPECTED}</arg>
<doc>Verifies that the current page title equals ``title``.</doc>
<status status="FAIL" start="2025-09-25T22:04:52.298528" elapsed="0.153377">Title should have been 'Playwright enables reliable end-to-end testing for modern web apps.' but was 'Fast and reliable end-to-end testing for modern web apps | Playwright'.</status>
</kw>
<kw name="Close Browser" owner="SeleniumLibrary">
<doc>Closes the current browser.</doc>
<status status="NOT RUN" start="2025-09-25T22:04:52.452122" elapsed="0.000041"/>
</kw>
<arg>Firefox</arg>
<status status="FAIL" start="2025-09-25T22:04:47.739692" elapsed="4.712617">Title should have been 'Playwright enables reliable end-to-end testing for modern web apps.' but was 'Fast and reliable end-to-end testing for modern web apps | Playwright'.</status>
</kw>
<status status="FAIL" start="2025-09-25T22:04:47.739242" elapsed="4.713378">Title should have been 'Playwright enables reliable end-to-end testing for modern web apps.' but was 'Fast and reliable end-to-end testing for modern web apps | Playwright'.</status>
</test>
<kw name="Close All Browsers" owner="SeleniumLibrary" type="TEARDOWN">
<doc>Closes all open browsers and resets the browser cache.</doc>
<status status="PASS" start="2025-09-25T22:04:52.453573" elapsed="0.995163"/>
</kw>
<status status="FAIL" start="2025-09-25T22:04:45.304636" elapsed="8.144266"/>
</suite>
<statistics>
<total>
<stat pass="0" fail="2" skip="0">All Tests</stat>
</total>
<tag>
</tag>
<suite>
<stat pass="0" fail="2" skip="0" id="s1" name="Title">Title</stat>
</suite>
</statistics>
<errors>
</errors>
</robot>
